<?xml version="1.0" encoding="UTF-8"?>
<testng-results skipped="0" failed="0" total="1" passed="1">
  <reporter-output>
  </reporter-output>
  <suite name="Suite" duration-ms="10935" started-at="2019-06-27T09:25:20Z" finished-at="2019-06-27T09:25:31Z">
    <groups>
    </groups>
    <test name="Test" duration-ms="10935" started-at="2019-06-27T09:25:20Z" finished-at="2019-06-27T09:25:31Z">
      <class name="org.samox.SampleTest">
        <test-method status="PASS" signature="before()[pri:0, instance:org.samox.SampleTest@6df97b55]" name="before" is-config="true" duration-ms="10403" started-at="2019-06-27T14:55:20Z" finished-at="2019-06-27T14:55:31Z">
          <reporter-output>
          </reporter-output>
        </test-method> <!-- before -->
        <test-method status="PASS" signature="test1(java.lang.String, java.lang.String, java.lang.String, java.lang.String)[pri:0, instance:org.samox.SampleTest@6df97b55]" name="test1" duration-ms="519" started-at="2019-06-27T14:55:31Z" finished-at="2019-06-27T14:55:31Z">
          <params>
            <param index="0">
              <value>
                <![CDATA[nandhini]]>
              </value>
            </param>
            <param index="1">
              <value>
                <![CDATA[hari]]>
              </value>
            </param>
            <param index="2">
              <value>
                <![CDATA[chennai]]>
              </value>
            </param>
            <param index="3">
              <value>
                <![CDATA[nandi@gmail.com]]>
              </value>
            </param>
          </params>
          <reporter-output>
          </reporter-output>
        </test-method> <!-- test1 -->
      </class> <!-- org.samox.SampleTest -->
    </test> <!-- Test -->
  </suite> <!-- Suite -->
</testng-results>
